Using pre-set license
Built from '2020.3/staging' branch; Version is '2020.3.32f1 (12f8b0834f07) revision 1243312'; Using compiler version '192528614'; Build Type 'Release'
OS: 'Windows 11  (10.0.22000) 64bit CoreSingleLanguage' Language: 'en' Physical Memory: 16224 MB
BatchMode: 1, IsHumanControllingUs: 0, StartBugReporterOnCrash: 0, Is64bit: 1, IsPro: 0

COMMAND LINE ARGUMENTS:
E:\dev game\2020.3.32f1\Editor\Unity.exe
-adb2
-batchMode
-noUpm
-name
AssetImportWorker0
-projectPath
D:/navmesh1
-logFile
Logs/AssetImportWorker0.log
-srvPort
64851
Successfully changed project path to: D:/navmesh1
D:/navmesh1
Using Asset Import Pipeline V2.
Refreshing native plugins compatible for Editor in 47.76 ms, found 2 plugins.
Preloading 0 native plugins for Editor in 0.00 ms.
Initialize engine version: 2020.3.32f1 (12f8b0834f07)
[Subsystems] Discovering subsystems at path E:/dev game/2020.3.32f1/Editor/Data/Resources/UnitySubsystems
[Subsystems] Discovering subsystems at path D:/navmesh1/Assets
GfxDevice: creating device client; threaded=0
Direct3D:
    Version:  Direct3D 11.0 [level 11.1]
    Renderer: NVIDIA GeForce GTX 1660 Ti with Max-Q Design (ID=0x2191)
    Vendor:   
    VRAM:     5991 MB
    Driver:   30.0.15.1278
Initialize mono
Mono path[0] = 'E:/dev game/2020.3.32f1/Editor/Data/Managed'
Mono path[1] = 'E:/dev game/2020.3.32f1/Editor/Data/MonoBleedingEdge/lib/mono/unityjit'
Mono config path = 'E:/dev game/2020.3.32f1/Editor/Data/MonoBleedingEdge/etc'
Using monoOptions --debugger-agent=transport=dt_socket,embedding=1,server=y,suspend=n,address=127.0.0.1:56784
Begin MonoManager ReloadAssembly
Registering precompiled unity dll's ...
Register platform support module: E:/dev game/2020.3.32f1/Editor/Data/PlaybackEngines/WebGLSupport/UnityEditor.WebGL.Extensions.dll
Register platform support module: E:/dev game/2020.3.32f1/Editor/Data/PlaybackEngines/WindowsStandaloneSupport/UnityEditor.WindowsStandalone.Extensions.dll
Registered in 0.010757 seconds.
Native extension for WindowsStandalone target not found
Native extension for WebGL target not found
Refreshing native plugins compatible for Editor in 86.11 ms, found 2 plugins.
Preloading 0 native plugins for Editor in 0.00 ms.
Mono: successfully reloaded assembly
- Completed reload, in  1.905 seconds
Domain Reload Profiling:
	ReloadAssembly (1906ms)
		BeginReloadAssembly (181ms)
			ExecutionOrderSort (0ms)
			DisableScriptedObjects (0ms)
			BackupInstance (0ms)
			ReleaseScriptingObjects (0ms)
			CreateAndSetChildDomain (3ms)
		EndReloadAssembly (1436ms)
			LoadAssemblies (172ms)
			RebuildTransferFunctionScriptingTraits (0ms)
			SetupTypeCache (550ms)
			ReleaseScriptCaches (0ms)
			RebuildScriptCaches (78ms)
			SetupLoadedEditorAssemblies (499ms)
				LogAssemblyErrors (0ms)
				InitializePlatformSupportModulesInManaged (12ms)
				SetLoadedEditorAssemblies (0ms)
				RefreshPlugins (86ms)
				BeforeProcessingInitializeOnLoad (27ms)
				ProcessInitializeOnLoadAttributes (276ms)
				ProcessInitializeOnLoadMethodAttributes (96ms)
				AfterProcessingInitializeOnLoad (0ms)
				EditorAssembliesLoaded (1ms)
			ExecutionOrderSort2 (0ms)
			AwakeInstancesAfterBackupRestoration (0ms)
Platform modules already initialized, skipping
Registering precompiled user dll's ...
Registered in 0.012798 seconds.
Begin MonoManager ReloadAssembly
Native extension for WindowsStandalone target not found
Native extension for WebGL target not found
Refreshing native plugins compatible for Editor in 96.77 ms, found 2 plugins.
Preloading 0 native plugins for Editor in 0.00 ms.
Mono: successfully reloaded assembly
- Completed reload, in  3.524 seconds
Domain Reload Profiling:
	ReloadAssembly (3526ms)
		BeginReloadAssembly (589ms)
			ExecutionOrderSort (0ms)
			DisableScriptedObjects (16ms)
			BackupInstance (0ms)
			ReleaseScriptingObjects (0ms)
			CreateAndSetChildDomain (54ms)
		EndReloadAssembly (2769ms)
			LoadAssemblies (330ms)
			RebuildTransferFunctionScriptingTraits (0ms)
			SetupTypeCache (894ms)
			ReleaseScriptCaches (1ms)
			RebuildScriptCaches (148ms)
			SetupLoadedEditorAssemblies (1065ms)
				LogAssemblyErrors (0ms)
				InitializePlatformSupportModulesInManaged (15ms)
				SetLoadedEditorAssemblies (1ms)
				RefreshPlugins (97ms)
				BeforeProcessingInitializeOnLoad (194ms)
				ProcessInitializeOnLoadAttributes (704ms)
				ProcessInitializeOnLoadMethodAttributes (29ms)
				AfterProcessingInitializeOnLoad (24ms)
				EditorAssembliesLoaded (1ms)
			ExecutionOrderSort2 (0ms)
			AwakeInstancesAfterBackupRestoration (20ms)
Platform modules already initialized, skipping
========================================================================
Worker process is ready to serve import requests
Launched and connected shader compiler UnityShaderCompiler.exe after 0.34 seconds
Refreshing native plugins compatible for Editor in 0.67 ms, found 2 plugins.
Preloading 0 native plugins for Editor in 0.00 ms.
Unloading 1851 Unused Serialized files (Serialized files now loaded: 0)
System memory in use before: 82.5 MB.
System memory in use after: 82.6 MB.

Unloading 19 unused Assets to reduce memory usage. Loaded Objects now: 2288.
Total: 6.581800 ms (FindLiveObjects: 0.272500 ms CreateObjectMapping: 0.152100 ms MarkObjects: 6.031400 ms  DeleteObjects: 0.124200 ms)

AssetImportParameters requested are different than current active one (requested -> active):
  custom:framework-win-MediaFoundation: 216162199b28c13a410421893ffa2e32 -> 
  custom:video-decoder-ogg-theora: a1e56fd34408186e4bbccfd4996cb3dc -> 
  custom:container-muxer-webm: aa71ff27fc2769a1b78a27578f13a17b -> 
  custom:container-demuxer-webm: 4f35f7cbe854078d1ac9338744f61a02 -> 
  custom:container-demuxer-ogg: 62fdf1f143b41e24485cea50d1cbac27 -> 
  custom:video-encoder-webm-vp8: eb34c28f22e8b96e1ab97ce403110664 -> 
  custom:video-codec-MediaFoundation-h265: 746d11721c4dcdbdad8f713fa42b33f4 -> 
  custom:video-decoder-webm-vp8: 9c59270c3fd7afecdb556c50c9e8de78 -> 
  custom:audio-decoder-ogg-vorbis: bf7c407c2cedff20999df2af8eb42d56 -> 
  custom:audio-encoder-webm-vorbis: bf7c407c2cedff20999df2af8eb42d56 -> 
========================================================================
Received Import Request.
  path: Assets/playercontroller.cs
  artifactKey: Guid(3fbd238f45bdc8042acb045ce603eb37) Importer(815301076,1909f56bfc062723c751e8b465ee728b)
Start importing Assets/playercontroller.cs using Guid(3fbd238f45bdc8042acb045ce603eb37) Importer(815301076,1909f56bfc062723c751e8b465ee728b)  -> (artifact id: 'ec7eb95cbac49b87d6bcc086071443c3') in 0.110432 seconds 
========================================================================
Received Import Request.
  Time since last request: 33840.232214 seconds.
  path: Assets/playercontroller.cs
  artifactKey: Guid(3fbd238f45bdc8042acb045ce603eb37) Importer(815301076,1909f56bfc062723c751e8b465ee728b)
Start importing Assets/playercontroller.cs using Guid(3fbd238f45bdc8042acb045ce603eb37) Importer(815301076,1909f56bfc062723c751e8b465ee728b)  -> (artifact id: 'ebd7f87ccc43aff78aa148f7827ca131') in 0.006736 seconds 
========================================================================
Received Import Request.
  Time since last request: 55.906439 seconds.
  path: Assets/playercontroller.cs
  artifactKey: Guid(3fbd238f45bdc8042acb045ce603eb37) Importer(815301076,1909f56bfc062723c751e8b465ee728b)
Start importing Assets/playercontroller.cs using Guid(3fbd238f45bdc8042acb045ce603eb37) Importer(815301076,1909f56bfc062723c751e8b465ee728b)  -> (artifact id: 'e5159db8eb8ea58d87792cbf51feda1b') in 0.012001 seconds 
========================================================================
Received Import Request.
  Time since last request: 15.361539 seconds.
  path: Assets/playercontroller.cs
  artifactKey: Guid(3fbd238f45bdc8042acb045ce603eb37) Importer(815301076,1909f56bfc062723c751e8b465ee728b)
Start importing Assets/playercontroller.cs using Guid(3fbd238f45bdc8042acb045ce603eb37) Importer(815301076,1909f56bfc062723c751e8b465ee728b)  -> (artifact id: 'e43254be31a5dad4001cd99f7a316c4f') in 0.011196 seconds 
========================================================================
Received Import Request.
  Time since last request: 71.360578 seconds.
  path: Assets/playercontroller.cs
  artifactKey: Guid(3fbd238f45bdc8042acb045ce603eb37) Importer(815301076,1909f56bfc062723c751e8b465ee728b)
Start importing Assets/playercontroller.cs using Guid(3fbd238f45bdc8042acb045ce603eb37) Importer(815301076,1909f56bfc062723c751e8b465ee728b)  -> (artifact id: 'e81c4b0db83bbaa6a74f44fe5db7667c') in 0.010141 seconds 
========================================================================
Received Import Request.
  Time since last request: 123.477095 seconds.
  path: Assets/playercontroller.cs
  artifactKey: Guid(3fbd238f45bdc8042acb045ce603eb37) Importer(815301076,1909f56bfc062723c751e8b465ee728b)
Start importing Assets/playercontroller.cs using Guid(3fbd238f45bdc8042acb045ce603eb37) Importer(815301076,1909f56bfc062723c751e8b465ee728b)  -> (artifact id: '01b7caabcc69d52d39683e6a1c2960ce') in 0.012811 seconds 
========================================================================
Received Import Request.
  Time since last request: 63.525556 seconds.
  path: Assets/playercontroller.cs
  artifactKey: Guid(3fbd238f45bdc8042acb045ce603eb37) Importer(815301076,1909f56bfc062723c751e8b465ee728b)
Start importing Assets/playercontroller.cs using Guid(3fbd238f45bdc8042acb045ce603eb37) Importer(815301076,1909f56bfc062723c751e8b465ee728b)  -> (artifact id: 'ae6191a52a9965e75f6b1d882e4ec8cb') in 0.010231 seconds 
========================================================================
Received Import Request.
  Time since last request: 42.679842 seconds.
  path: Assets/playercontroller.cs
  artifactKey: Guid(3fbd238f45bdc8042acb045ce603eb37) Importer(815301076,1909f56bfc062723c751e8b465ee728b)
Start importing Assets/playercontroller.cs using Guid(3fbd238f45bdc8042acb045ce603eb37) Importer(815301076,1909f56bfc062723c751e8b465ee728b)  -> (artifact id: '2fc6dce4ed9c53fee81445336cb562c4') in 0.011864 seconds 
========================================================================
Received Import Request.
  Time since last request: 65.924648 seconds.
  path: Assets/playercontroller.cs
  artifactKey: Guid(3fbd238f45bdc8042acb045ce603eb37) Importer(815301076,1909f56bfc062723c751e8b465ee728b)
Start importing Assets/playercontroller.cs using Guid(3fbd238f45bdc8042acb045ce603eb37) Importer(815301076,1909f56bfc062723c751e8b465ee728b)  -> (artifact id: '012275c359a0cd6658ae9ba71d3d2e3b') in 0.015569 seconds 
========================================================================
Received Import Request.
  Time since last request: 45.107351 seconds.
  path: Assets/playercontroller.cs
  artifactKey: Guid(3fbd238f45bdc8042acb045ce603eb37) Importer(815301076,1909f56bfc062723c751e8b465ee728b)
Start importing Assets/playercontroller.cs using Guid(3fbd238f45bdc8042acb045ce603eb37) Importer(815301076,1909f56bfc062723c751e8b465ee728b)  -> (artifact id: 'f5071a7d9d8021ee0a654c85915dd81a') in 0.015113 seconds 
========================================================================
Received Import Request.
  Time since last request: 109.976777 seconds.
  path: Assets/playercontroller.cs
  artifactKey: Guid(3fbd238f45bdc8042acb045ce603eb37) Importer(815301076,1909f56bfc062723c751e8b465ee728b)
Start importing Assets/playercontroller.cs using Guid(3fbd238f45bdc8042acb045ce603eb37) Importer(815301076,1909f56bfc062723c751e8b465ee728b)  -> (artifact id: '8c2a858fb81ca4aff586b0d9a002a454') in 0.011905 seconds 
========================================================================
Received Import Request.
  Time since last request: 25.917501 seconds.
  path: Assets/playercontroller.cs
  artifactKey: Guid(3fbd238f45bdc8042acb045ce603eb37) Importer(815301076,1909f56bfc062723c751e8b465ee728b)
Start importing Assets/playercontroller.cs using Guid(3fbd238f45bdc8042acb045ce603eb37) Importer(815301076,1909f56bfc062723c751e8b465ee728b)  -> (artifact id: 'd64542c11a3de8e983f705cf8a3f6395') in 0.013775 seconds 
========================================================================
Received Import Request.
  Time since last request: 31.267785 seconds.
  path: Assets/playercontroller.cs
  artifactKey: Guid(3fbd238f45bdc8042acb045ce603eb37) Importer(815301076,1909f56bfc062723c751e8b465ee728b)
Start importing Assets/playercontroller.cs using Guid(3fbd238f45bdc8042acb045ce603eb37) Importer(815301076,1909f56bfc062723c751e8b465ee728b)  -> (artifact id: '7547d0227abaab8645b6f5ebe74056b4') in 0.014176 seconds 
========================================================================
Received Import Request.
  Time since last request: 174.189711 seconds.
  path: Assets/playercontroller.cs
  artifactKey: Guid(3fbd238f45bdc8042acb045ce603eb37) Importer(815301076,1909f56bfc062723c751e8b465ee728b)
Start importing Assets/playercontroller.cs using Guid(3fbd238f45bdc8042acb045ce603eb37) Importer(815301076,1909f56bfc062723c751e8b465ee728b)  -> (artifact id: 'b3ca7e5b23c4825498fbedc37724c608') in 0.012487 seconds 
========================================================================
Received Import Request.
  Time since last request: 24.419222 seconds.
  path: Assets/playercontroller.cs
  artifactKey: Guid(3fbd238f45bdc8042acb045ce603eb37) Importer(815301076,1909f56bfc062723c751e8b465ee728b)
Start importing Assets/playercontroller.cs using Guid(3fbd238f45bdc8042acb045ce603eb37) Importer(815301076,1909f56bfc062723c751e8b465ee728b)  -> (artifact id: '4a36c3697ed7bd69d016a8f011655871') in 0.009484 seconds 
========================================================================
Received Import Request.
  Time since last request: 42.572880 seconds.
  path: Assets/playercontroller.cs
  artifactKey: Guid(3fbd238f45bdc8042acb045ce603eb37) Importer(815301076,1909f56bfc062723c751e8b465ee728b)
Start importing Assets/playercontroller.cs using Guid(3fbd238f45bdc8042acb045ce603eb37) Importer(815301076,1909f56bfc062723c751e8b465ee728b)  -> (artifact id: '63797b69c2016fe40f5880d61af14af5') in 0.013179 seconds 
========================================================================
Received Import Request.
  Time since last request: 24.872274 seconds.
  path: Assets/playercontroller.cs
  artifactKey: Guid(3fbd238f45bdc8042acb045ce603eb37) Importer(815301076,1909f56bfc062723c751e8b465ee728b)
Start importing Assets/playercontroller.cs using Guid(3fbd238f45bdc8042acb045ce603eb37) Importer(815301076,1909f56bfc062723c751e8b465ee728b)  -> (artifact id: '933c08faab4b82db14f7ada531ca47d5') in 0.007711 seconds 
========================================================================
Received Import Request.
  Time since last request: 101.050174 seconds.
  path: Assets/playercontroller.cs
  artifactKey: Guid(3fbd238f45bdc8042acb045ce603eb37) Importer(815301076,1909f56bfc062723c751e8b465ee728b)
Start importing Assets/playercontroller.cs using Guid(3fbd238f45bdc8042acb045ce603eb37) Importer(815301076,1909f56bfc062723c751e8b465ee728b)  -> (artifact id: '79efe04152b7a5f2b6ebd2aff16a3758') in 0.010706 seconds 
========================================================================
Received Import Request.
  Time since last request: 36.223332 seconds.
  path: Assets/playercontroller.cs
  artifactKey: Guid(3fbd238f45bdc8042acb045ce603eb37) Importer(815301076,1909f56bfc062723c751e8b465ee728b)
Start importing Assets/playercontroller.cs using Guid(3fbd238f45bdc8042acb045ce603eb37) Importer(815301076,1909f56bfc062723c751e8b465ee728b)  -> (artifact id: '6926bd3556a075a30ebd2364d96d82bb') in 0.010193 seconds 
========================================================================
Received Import Request.
  Time since last request: 68.375582 seconds.
  path: Assets/playercontroller.cs
  artifactKey: Guid(3fbd238f45bdc8042acb045ce603eb37) Importer(815301076,1909f56bfc062723c751e8b465ee728b)
Start importing Assets/playercontroller.cs using Guid(3fbd238f45bdc8042acb045ce603eb37) Importer(815301076,1909f56bfc062723c751e8b465ee728b)  -> (artifact id: 'df2da6874c874b09bde957c3137b2320') in 0.009633 seconds 
========================================================================
Received Import Request.
  Time since last request: 42.185249 seconds.
  path: Assets/playercontroller.cs
  artifactKey: Guid(3fbd238f45bdc8042acb045ce603eb37) Importer(815301076,1909f56bfc062723c751e8b465ee728b)
Start importing Assets/playercontroller.cs using Guid(3fbd238f45bdc8042acb045ce603eb37) Importer(815301076,1909f56bfc062723c751e8b465ee728b)  -> (artifact id: '1b72d796fde3e5e24aba9d1dd8225c6a') in 0.009407 seconds 
========================================================================
Received Import Request.
  Time since last request: 27.918962 seconds.
  path: Assets/playercontroller.cs
  artifactKey: Guid(3fbd238f45bdc8042acb045ce603eb37) Importer(815301076,1909f56bfc062723c751e8b465ee728b)
Start importing Assets/playercontroller.cs using Guid(3fbd238f45bdc8042acb045ce603eb37) Importer(815301076,1909f56bfc062723c751e8b465ee728b)  -> (artifact id: 'd4a31c741c6a4d15b6282e24eac0f4d2') in 0.016449 seconds 
========================================================================
Received Import Request.
  Time since last request: 16.705880 seconds.
  path: Assets/playercontroller.cs
  artifactKey: Guid(3fbd238f45bdc8042acb045ce603eb37) Importer(815301076,1909f56bfc062723c751e8b465ee728b)
Start importing Assets/playercontroller.cs using Guid(3fbd238f45bdc8042acb045ce603eb37) Importer(815301076,1909f56bfc062723c751e8b465ee728b)  -> (artifact id: '7b186ca3364db2654f26ef561e99bc04') in 0.011023 seconds 
========================================================================
Received Import Request.
  Time since last request: 17.332003 seconds.
  path: Assets/playercontroller.cs
  artifactKey: Guid(3fbd238f45bdc8042acb045ce603eb37) Importer(815301076,1909f56bfc062723c751e8b465ee728b)
Start importing Assets/playercontroller.cs using Guid(3fbd238f45bdc8042acb045ce603eb37) Importer(815301076,1909f56bfc062723c751e8b465ee728b)  -> (artifact id: 'be64263cc620726fa07bb44094d1484b') in 0.011446 seconds 
========================================================================
Received Import Request.
  Time since last request: 230.937343 seconds.
  path: Assets/playercontroller.cs
  artifactKey: Guid(3fbd238f45bdc8042acb045ce603eb37) Importer(815301076,1909f56bfc062723c751e8b465ee728b)
Start importing Assets/playercontroller.cs using Guid(3fbd238f45bdc8042acb045ce603eb37) Importer(815301076,1909f56bfc062723c751e8b465ee728b)  -> (artifact id: '9c9e6e59017cbb70635d08dbc7aeb2b2') in 0.009896 seconds 
========================================================================
Received Import Request.
  Time since last request: 23.589579 seconds.
  path: Assets/playercontroller.cs
  artifactKey: Guid(3fbd238f45bdc8042acb045ce603eb37) Importer(815301076,1909f56bfc062723c751e8b465ee728b)
Start importing Assets/playercontroller.cs using Guid(3fbd238f45bdc8042acb045ce603eb37) Importer(815301076,1909f56bfc062723c751e8b465ee728b)  -> (artifact id: 'd1e8a98f71c22d4fdca267f65476b0eb') in 0.009843 seconds 
========================================================================
Received Import Request.
  Time since last request: 43.822266 seconds.
  path: Assets/playercontroller.cs
  artifactKey: Guid(3fbd238f45bdc8042acb045ce603eb37) Importer(815301076,1909f56bfc062723c751e8b465ee728b)
Start importing Assets/playercontroller.cs using Guid(3fbd238f45bdc8042acb045ce603eb37) Importer(815301076,1909f56bfc062723c751e8b465ee728b)  -> (artifact id: '6261ddac40abdf097fd255bc2ca03895') in 0.011685 seconds 
========================================================================
Received Import Request.
  Time since last request: 54.369262 seconds.
  path: Assets/playercontroller.cs
  artifactKey: Guid(3fbd238f45bdc8042acb045ce603eb37) Importer(815301076,1909f56bfc062723c751e8b465ee728b)
Start importing Assets/playercontroller.cs using Guid(3fbd238f45bdc8042acb045ce603eb37) Importer(815301076,1909f56bfc062723c751e8b465ee728b)  -> (artifact id: 'ce8dbd80c5e3fa0c4a15a3d64111f040') in 0.011884 seconds 
========================================================================
Received Import Request.
  Time since last request: 123.183295 seconds.
  path: Assets/playercontroller.cs
  artifactKey: Guid(3fbd238f45bdc8042acb045ce603eb37) Importer(815301076,1909f56bfc062723c751e8b465ee728b)
Start importing Assets/playercontroller.cs using Guid(3fbd238f45bdc8042acb045ce603eb37) Importer(815301076,1909f56bfc062723c751e8b465ee728b)  -> (artifact id: '1ed81cec668a84689eb024a7afbf03c6') in 0.009830 seconds 
========================================================================
Received Import Request.
  Time since last request: 39.329832 seconds.
  path: Assets/playercontroller.cs
  artifactKey: Guid(3fbd238f45bdc8042acb045ce603eb37) Importer(815301076,1909f56bfc062723c751e8b465ee728b)
Start importing Assets/playercontroller.cs using Guid(3fbd238f45bdc8042acb045ce603eb37) Importer(815301076,1909f56bfc062723c751e8b465ee728b)  -> (artifact id: '0f2bebef2653da0af8ea1361b75db545') in 0.008686 seconds 
========================================================================
Received Import Request.
  Time since last request: 9.462329 seconds.
  path: Assets/playercontroller.cs
  artifactKey: Guid(3fbd238f45bdc8042acb045ce603eb37) Importer(815301076,1909f56bfc062723c751e8b465ee728b)
Start importing Assets/playercontroller.cs using Guid(3fbd238f45bdc8042acb045ce603eb37) Importer(815301076,1909f56bfc062723c751e8b465ee728b)  -> (artifact id: 'c892f2c80acd51742b12ee90de6c4514') in 0.008606 seconds 
========================================================================
Received Import Request.
  Time since last request: 57.125777 seconds.
  path: Assets/playercontroller.cs
  artifactKey: Guid(3fbd238f45bdc8042acb045ce603eb37) Importer(815301076,1909f56bfc062723c751e8b465ee728b)
Start importing Assets/playercontroller.cs using Guid(3fbd238f45bdc8042acb045ce603eb37) Importer(815301076,1909f56bfc062723c751e8b465ee728b)  -> (artifact id: '9b1e461a41c44baf0a55c82121b7c96e') in 0.009440 seconds 
========================================================================
Received Import Request.
  Time since last request: 579.037284 seconds.
  path: Assets/playercontroller.cs
  artifactKey: Guid(3fbd238f45bdc8042acb045ce603eb37) Importer(815301076,1909f56bfc062723c751e8b465ee728b)
Start importing Assets/playercontroller.cs using Guid(3fbd238f45bdc8042acb045ce603eb37) Importer(815301076,1909f56bfc062723c751e8b465ee728b)  -> (artifact id: 'aa7527da8311faa03043b281a5f9ae89') in 0.006411 seconds 
========================================================================
Received Prepare
Registering precompiled user dll's ...
Registered in 0.006110 seconds.
Begin MonoManager ReloadAssembly
Native extension for WindowsStandalone target not found
Native extension for WebGL target not found
Refreshing native plugins compatible for Editor in 0.45 ms, found 2 plugins.
Preloading 0 native plugins for Editor in 0.00 ms.
Mono: successfully reloaded assembly
- Completed reload, in  1.603 seconds
Domain Reload Profiling:
	ReloadAssembly (1604ms)
		BeginReloadAssembly (196ms)
			ExecutionOrderSort (0ms)
			DisableScriptedObjects (10ms)
			BackupInstance (0ms)
			ReleaseScriptingObjects (0ms)
			CreateAndSetChildDomain (53ms)
		EndReloadAssembly (1304ms)
			LoadAssemblies (155ms)
			RebuildTransferFunctionScriptingTraits (0ms)
			SetupTypeCache (404ms)
			ReleaseScriptCaches (1ms)
			RebuildScriptCaches (69ms)
			SetupLoadedEditorAssemblies (453ms)
				LogAssemblyErrors (0ms)
				InitializePlatformSupportModulesInManaged (6ms)
				SetLoadedEditorAssemblies (1ms)
				RefreshPlugins (1ms)
				BeforeProcessingInitializeOnLoad (77ms)
				ProcessInitializeOnLoadAttributes (341ms)
				ProcessInitializeOnLoadMethodAttributes (13ms)
				AfterProcessingInitializeOnLoad (14ms)
				EditorAssembliesLoaded (0ms)
			ExecutionOrderSort2 (0ms)
			AwakeInstancesAfterBackupRestoration (12ms)
Platform modules already initialized, skipping
Switching build target platform(19) subTarget(0) extendedPlatform(0) -> platform(13) subTarget(537395200) extendedPlatform(0)
Refreshing native plugins compatible for Editor in 1.05 ms, found 2 plugins.
Preloading 0 native plugins for Editor in 0.00 ms.
Unloading 1848 Unused Serialized files (Serialized files now loaded: 0)
System memory in use before: 82.5 MB.
System memory in use after: 82.6 MB.

Unloading 12 unused Assets to reduce memory usage. Loaded Objects now: 2291.
Total: 12.374300 ms (FindLiveObjects: 0.717200 ms CreateObjectMapping: 0.466800 ms MarkObjects: 11.121700 ms  DeleteObjects: 0.064400 ms)

AssetImportParameters requested are different than current active one (requested -> active):
  custom:framework-win-MediaFoundation: 216162199b28c13a410421893ffa2e32 -> 
  custom:video-decoder-ogg-theora: a1e56fd34408186e4bbccfd4996cb3dc -> 
  custom:container-muxer-webm: aa71ff27fc2769a1b78a27578f13a17b -> 
  custom:container-demuxer-webm: 4f35f7cbe854078d1ac9338744f61a02 -> 
  custom:container-demuxer-ogg: 62fdf1f143b41e24485cea50d1cbac27 -> 
  custom:video-encoder-webm-vp8: eb34c28f22e8b96e1ab97ce403110664 -> 
  custom:video-codec-MediaFoundation-h265: 746d11721c4dcdbdad8f713fa42b33f4 -> 
  custom:video-decoder-webm-vp8: 9c59270c3fd7afecdb556c50c9e8de78 -> 
  custom:graphics/normal-map-encoding: 01000000000000000000000000000000 -> 02000000000000000000000000000000
  custom:audio-decoder-ogg-vorbis: bf7c407c2cedff20999df2af8eb42d56 -> 
  custom:audio-encoder-webm-vorbis: bf7c407c2cedff20999df2af8eb42d56 -> 
========================================================================
Received Import Request.
  Time since last request: 64.006665 seconds.
  path: Assets/playercontroller.cs
  artifactKey: Guid(3fbd238f45bdc8042acb045ce603eb37) Importer(815301076,1909f56bfc062723c751e8b465ee728b)
Start importing Assets/playercontroller.cs using Guid(3fbd238f45bdc8042acb045ce603eb37) Importer(815301076,1909f56bfc062723c751e8b465ee728b)  -> (artifact id: '69e67db5805ccdcadb4934976be9773b') in 0.018315 seconds 
========================================================================
Received Prepare
Registering precompiled user dll's ...
Registered in 0.008386 seconds.
Begin MonoManager ReloadAssembly
Native extension for WindowsStandalone target not found
Native extension for WebGL target not found
Refreshing native plugins compatible for Editor in 0.67 ms, found 2 plugins.
Preloading 0 native plugins for Editor in 0.00 ms.
Mono: successfully reloaded assembly
- Completed reload, in  2.616 seconds
Domain Reload Profiling:
	ReloadAssembly (2617ms)
		BeginReloadAssembly (271ms)
			ExecutionOrderSort (0ms)
			DisableScriptedObjects (11ms)
			BackupInstance (0ms)
			ReleaseScriptingObjects (0ms)
			CreateAndSetChildDomain (74ms)
		EndReloadAssembly (2152ms)
			LoadAssemblies (270ms)
			RebuildTransferFunctionScriptingTraits (0ms)
			SetupTypeCache (674ms)
			ReleaseScriptCaches (1ms)
			RebuildScriptCaches (108ms)
			SetupLoadedEditorAssemblies (772ms)
				LogAssemblyErrors (0ms)
				InitializePlatformSupportModulesInManaged (11ms)
				SetLoadedEditorAssemblies (1ms)
				RefreshPlugins (1ms)
				BeforeProcessingInitializeOnLoad (133ms)
				ProcessInitializeOnLoadAttributes (582ms)
				ProcessInitializeOnLoadMethodAttributes (19ms)
				AfterProcessingInitializeOnLoad (24ms)
				EditorAssembliesLoaded (1ms)
			ExecutionOrderSort2 (0ms)
			AwakeInstancesAfterBackupRestoration (16ms)
Platform modules already initialized, skipping
Switching build target platform(19) subTarget(0) extendedPlatform(0) -> platform(13) subTarget(537395200) extendedPlatform(0)
Refreshing native plugins compatible for Editor in 0.95 ms, found 2 plugins.
Preloading 0 native plugins for Editor in 0.00 ms.
Unloading 1848 Unused Serialized files (Serialized files now loaded: 0)
System memory in use before: 82.5 MB.
System memory in use after: 82.6 MB.

Unloading 12 unused Assets to reduce memory usage. Loaded Objects now: 2294.
Total: 5.829400 ms (FindLiveObjects: 0.215800 ms CreateObjectMapping: 0.105700 ms MarkObjects: 5.462600 ms  DeleteObjects: 0.043400 ms)

AssetImportParameters requested are different than current active one (requested -> active):
  custom:framework-win-MediaFoundation: 216162199b28c13a410421893ffa2e32 -> 
  custom:video-decoder-ogg-theora: a1e56fd34408186e4bbccfd4996cb3dc -> 
  custom:container-muxer-webm: aa71ff27fc2769a1b78a27578f13a17b -> 
  custom:container-demuxer-webm: 4f35f7cbe854078d1ac9338744f61a02 -> 
  custom:container-demuxer-ogg: 62fdf1f143b41e24485cea50d1cbac27 -> 
  custom:video-encoder-webm-vp8: eb34c28f22e8b96e1ab97ce403110664 -> 
  custom:video-codec-MediaFoundation-h265: 746d11721c4dcdbdad8f713fa42b33f4 -> 
  custom:video-decoder-webm-vp8: 9c59270c3fd7afecdb556c50c9e8de78 -> 
  custom:graphics/normal-map-encoding: 01000000000000000000000000000000 -> 02000000000000000000000000000000
  custom:audio-decoder-ogg-vorbis: bf7c407c2cedff20999df2af8eb42d56 -> 
  custom:audio-encoder-webm-vorbis: bf7c407c2cedff20999df2af8eb42d56 -> 
========================================================================
Received Prepare
Registering precompiled user dll's ...
Registered in 0.004150 seconds.
Begin MonoManager ReloadAssembly
Native extension for WindowsStandalone target not found
Native extension for WebGL target not found
Refreshing native plugins compatible for Editor in 0.44 ms, found 2 plugins.
Preloading 0 native plugins for Editor in 0.00 ms.
Mono: successfully reloaded assembly
- Completed reload, in  1.722 seconds
Domain Reload Profiling:
	ReloadAssembly (1723ms)
		BeginReloadAssembly (267ms)
			ExecutionOrderSort (0ms)
			DisableScriptedObjects (7ms)
			BackupInstance (0ms)
			ReleaseScriptingObjects (0ms)
			CreateAndSetChildDomain (82ms)
		EndReloadAssembly (1356ms)
			LoadAssemblies (186ms)
			RebuildTransferFunctionScriptingTraits (0ms)
			SetupTypeCache (399ms)
			ReleaseScriptCaches (1ms)
			RebuildScriptCaches (61ms)
			SetupLoadedEditorAssemblies (544ms)
				LogAssemblyErrors (0ms)
				InitializePlatformSupportModulesInManaged (6ms)
				SetLoadedEditorAssemblies (1ms)
				RefreshPlugins (1ms)
				BeforeProcessingInitializeOnLoad (75ms)
				ProcessInitializeOnLoadAttributes (419ms)
				ProcessInitializeOnLoadMethodAttributes (20ms)
				AfterProcessingInitializeOnLoad (23ms)
				EditorAssembliesLoaded (1ms)
			ExecutionOrderSort2 (0ms)
			AwakeInstancesAfterBackupRestoration (16ms)
Platform modules already initialized, skipping
Switching build target platform(19) subTarget(0) extendedPlatform(0) -> platform(13) subTarget(537395200) extendedPlatform(0)
Refreshing native plugins compatible for Editor in 0.45 ms, found 2 plugins.
Preloading 0 native plugins for Editor in 0.00 ms.
Unloading 1848 Unused Serialized files (Serialized files now loaded: 0)
System memory in use before: 82.5 MB.
System memory in use after: 82.7 MB.

Unloading 12 unused Assets to reduce memory usage. Loaded Objects now: 2297.
Total: 4.023200 ms (FindLiveObjects: 0.197600 ms CreateObjectMapping: 0.117700 ms MarkObjects: 3.680800 ms  DeleteObjects: 0.026300 ms)

AssetImportParameters requested are different than current active one (requested -> active):
  custom:framework-win-MediaFoundation: 216162199b28c13a410421893ffa2e32 -> 
  custom:video-decoder-ogg-theora: a1e56fd34408186e4bbccfd4996cb3dc -> 
  custom:container-muxer-webm: aa71ff27fc2769a1b78a27578f13a17b -> 
  custom:container-demuxer-webm: 4f35f7cbe854078d1ac9338744f61a02 -> 
  custom:container-demuxer-ogg: 62fdf1f143b41e24485cea50d1cbac27 -> 
  custom:video-encoder-webm-vp8: eb34c28f22e8b96e1ab97ce403110664 -> 
  custom:video-codec-MediaFoundation-h265: 746d11721c4dcdbdad8f713fa42b33f4 -> 
  custom:video-decoder-webm-vp8: 9c59270c3fd7afecdb556c50c9e8de78 -> 
  custom:graphics/normal-map-encoding: 01000000000000000000000000000000 -> 02000000000000000000000000000000
  custom:audio-decoder-ogg-vorbis: bf7c407c2cedff20999df2af8eb42d56 -> 
  custom:audio-encoder-webm-vorbis: bf7c407c2cedff20999df2af8eb42d56 -> 
AssetImportWorkerClient::OnTransportError - code=2 error=End of file
